F:\Labs\ng2config\using-angular-2-asp-net-mvc-5-visual-studio\using-angular-2-asp-net-mvc-5-visual-studio\Scripts\app.js
F:\Labs\ng2config\using-angular-2-asp-net-mvc-5-visual-studio\using-angular-2-asp-net-mvc-5-visual-studio\Scripts\app.js.map
F:\Labs\ng2config\using-angular-2-asp-net-mvc-5-visual-studio\using-angular-2-asp-net-mvc-5-visual-studio\Scripts\boot.js
F:\Labs\ng2config\using-angular-2-asp-net-mvc-5-visual-studio\using-angular-2-asp-net-mvc-5-visual-studio\Scripts\boot.js.map
F:\Labs\ng2config\using-angular-2-asp-net-mvc-5-visual-studio\using-angular-2-asp-net-mvc-5-visual-studio\Scripts\main.js
F:\Labs\ng2config\using-angular-2-asp-net-mvc-5-visual-studio\using-angular-2-asp-net-mvc-5-visual-studio\Scripts\main.js.map
F:\Labs\ng2config\using-angular-2-asp-net-mvc-5-visual-studio\using-angular-2-asp-net-mvc-5-visual-studio\Scripts\app.js
F:\Labs\ng2config\using-angular-2-asp-net-mvc-5-visual-studio\using-angular-2-asp-net-mvc-5-visual-studio\Scripts\app.js.map
F:\Labs\ng2config\using-angular-2-asp-net-mvc-5-visual-studio\using-angular-2-asp-net-mvc-5-visual-studio\Scripts\boot.js
F:\Labs\ng2config\using-angular-2-asp-net-mvc-5-visual-studio\using-angular-2-asp-net-mvc-5-visual-studio\Scripts\boot.js.map
F:\Labs\ng2config\using-angular-2-asp-net-mvc-5-visual-studio\using-angular-2-asp-net-mvc-5-visual-studio\Scripts\main.js
F:\Labs\ng2config\using-angular-2-asp-net-mvc-5-visual-studio\using-angular-2-asp-net-mvc-5-visual-studio\Scripts\main.js.map
F:\Labs\ng2config\using-angular-2-asp-net-mvc-5-visual-studio\using-angular-2-asp-net-mvc-5-visual-studio\Scripts\app.js
F:\Labs\ng2config\using-angular-2-asp-net-mvc-5-visual-studio\using-angular-2-asp-net-mvc-5-visual-studio\Scripts\app.js.map
F:\Labs\ng2config\using-angular-2-asp-net-mvc-5-visual-studio\using-angular-2-asp-net-mvc-5-visual-studio\Scripts\boot.js
F:\Labs\ng2config\using-angular-2-asp-net-mvc-5-visual-studio\using-angular-2-asp-net-mvc-5-visual-studio\Scripts\boot.js.map
F:\Labs\ng2config\using-angular-2-asp-net-mvc-5-visual-studio\using-angular-2-asp-net-mvc-5-visual-studio\Scripts\main.js
F:\Labs\ng2config\using-angular-2-asp-net-mvc-5-visual-studio\using-angular-2-asp-net-mvc-5-visual-studio\Scripts\main.js.map
F:\Labs\ng2config\using-angular-2-asp-net-mvc-5-visual-studio\using-angular-2-asp-net-mvc-5-visual-studio\Scripts\app.js
F:\Labs\ng2config\using-angular-2-asp-net-mvc-5-visual-studio\using-angular-2-asp-net-mvc-5-visual-studio\Scripts\app.js.map
F:\Labs\ng2config\using-angular-2-asp-net-mvc-5-visual-studio\using-angular-2-asp-net-mvc-5-visual-studio\Scripts\boot.js
F:\Labs\ng2config\using-angular-2-asp-net-mvc-5-visual-studio\using-angular-2-asp-net-mvc-5-visual-studio\Scripts\boot.js.map
F:\Labs\ng2config\using-angular-2-asp-net-mvc-5-visual-studio\using-angular-2-asp-net-mvc-5-visual-studio\Scripts\main.js
F:\Labs\ng2config\using-angular-2-asp-net-mvc-5-visual-studio\using-angular-2-asp-net-mvc-5-visual-studio\Scripts\main.js.map
F:\Labs\ng2config\using-angular-2-asp-net-mvc-5-visual-studio\using-angular-2-asp-net-mvc-5-visual-studio\Scripts\app.js
F:\Labs\ng2config\using-angular-2-asp-net-mvc-5-visual-studio\using-angular-2-asp-net-mvc-5-visual-studio\Scripts\app.js.map
F:\Labs\ng2config\using-angular-2-asp-net-mvc-5-visual-studio\using-angular-2-asp-net-mvc-5-visual-studio\Scripts\boot.js
F:\Labs\ng2config\using-angular-2-asp-net-mvc-5-visual-studio\using-angular-2-asp-net-mvc-5-visual-studio\Scripts\boot.js.map
F:\Labs\ng2config\using-angular-2-asp-net-mvc-5-visual-studio\using-angular-2-asp-net-mvc-5-visual-studio\Scripts\main.js
F:\Labs\ng2config\using-angular-2-asp-net-mvc-5-visual-studio\using-angular-2-asp-net-mvc-5-visual-studio\Scripts\main.js.map
